<?xml version="1.0" encoding="UTF-8"?>
<!-- Generated by org.testng.reporters.JUnitReportReporter -->
<testsuite hostname="HL6T2B3" failures="0" tests="3" name="JavaMavenTestNG.JavaMavenTestNG.NewTest" time="0.013" errors="0" timestamp="2024-12-04T11:29:31 CST" skipped="0">
  <testcase classname="JavaMavenTestNG.JavaMavenTestNG.NewTest" name="test2" time="0.004"/>
  <system-out>
    <![CDATA[<a href='C:\Users\pvenkatarajan\GIT2\PVautomation02\JavaMavenTestNG/screenshots/test2.png' target='_blank'>Screenshot</a>]]>
  </system-out>
  <testcase classname="JavaMavenTestNG.JavaMavenTestNG.NewTest" name="test1" time="0.008"/>
  <system-out>
    <![CDATA[<a href='C:\Users\pvenkatarajan\GIT2\PVautomation02\JavaMavenTestNG/screenshots/test1.png' target='_blank'>Screenshot</a>]]>
  </system-out>
  <testcase classname="JavaMavenTestNG.JavaMavenTestNG.NewTest" name="test3" time="0.001"/>
  <system-out>
    <![CDATA[<a href='C:\Users\pvenkatarajan\GIT2\PVautomation02\JavaMavenTestNG/screenshots/test3.png' target='_blank'>Screenshot</a>]]>
  </system-out>
</testsuite> <!-- JavaMavenTestNG.JavaMavenTestNG.NewTest -->
