<?xml version="1.0" encoding="UTF-8"?>
<!-- Generated by org.testng.reporters.JUnitReportReporter -->
<testsuite hostname="HL6T2B3" failures="0" tests="3" name="JavaMavenTestNG.JavaMavenTestNG.NewTest" time="63.453" errors="0" timestamp="2024-12-06T00:04:19 CST" skipped="0">
  <testcase classname="JavaMavenTestNG.JavaMavenTestNG.NewTest" name="test1" time="63.452"/>
  <testcase classname="JavaMavenTestNG.JavaMavenTestNG.NewTest" name="test3" time="0.000"/>
  <testcase classname="JavaMavenTestNG.JavaMavenTestNG.NewTest" name="test2" time="0.001"/>
</testsuite> <!-- JavaMavenTestNG.JavaMavenTestNG.NewTest -->
