<?xml version="1.0" encoding="UTF-8"?>
<!-- Generated by org.testng.reporters.JUnitReportReporter -->
<testsuite hostname="HL6T2B3" failures="0" tests="4" name="JavaMavenTestNG.JavaMavenTestNG.Test1" time="727.206" errors="0" timestamp="2024-12-04T11:29:31 CST" skipped="0">
  <testcase classname="JavaMavenTestNG.JavaMavenTestNG.Test1" name="crmTest1" time="44.368"/>
  <system-out>
    <![CDATA[<a href='C:\Users\pvenkatarajan\GIT2\PVautomation02\JavaMavenTestNG/screenshots/crmTest1.png' target='_blank'>Screenshot</a>]]>
  </system-out>
  <testcase classname="JavaMavenTestNG.JavaMavenTestNG.Test1" name="crmTest2" time="105.280"/>
  <system-out>
    <![CDATA[<a href='C:\Users\pvenkatarajan\GIT2\PVautomation02\JavaMavenTestNG/screenshots/crmTest2.png' target='_blank'>Screenshot</a>]]>
  </system-out>
  <testcase classname="JavaMavenTestNG.JavaMavenTestNG.Test1" name="crmTest9" time="183.473"/>
  <system-out>
    <![CDATA[<a href='C:\Users\pvenkatarajan\GIT2\PVautomation02\JavaMavenTestNG/screenshots/crmTest9.png' target='_blank'>Screenshot</a>]]>
  </system-out>
  <testcase classname="JavaMavenTestNG.JavaMavenTestNG.Test1" name="crmTest10" time="394.085"/>
  <system-out>
    <![CDATA[<a href='C:\Users\pvenkatarajan\GIT2\PVautomation02\JavaMavenTestNG/screenshots/crmTest10.png' target='_blank'>Screenshot</a>]]>
  </system-out>
</testsuite> <!-- JavaMavenTestNG.JavaMavenTestNG.Test1 -->
