<?xml version="1.0" encoding="UTF-8"?>
<!-- Generated by org.testng.reporters.JUnitReportReporter -->
<testsuite hostname="HL6T2B3" failures="0" tests="3" name="JavaMavenTestNG.JavaMavenTestNG.NewTest" time="51.688" errors="0" timestamp="2024-12-13T19:18:05 CST" skipped="0">
  <testcase classname="JavaMavenTestNG.JavaMavenTestNG.NewTest" name="test1" time="51.684"/>
  <system-out>
    <![CDATA[REPORTER in main SAYS - AFTER ASSERT - TEXT NOT PRESENT
Funding Details


<a href='C:\Users\pvenkatarajan\GIT2\PVautomation02\JavaMavenTestNG/screenshots/test1.png' target='_blank'>Screenshot</a>



REPORTER for pass in listner1
]]>
  </system-out>
  <testcase classname="JavaMavenTestNG.JavaMavenTestNG.NewTest" name="test2" time="0.001"/>
  <system-out>
    <![CDATA[

<a href='C:\Users\pvenkatarajan\GIT2\PVautomation02\JavaMavenTestNG/screenshots/test2.png' target='_blank'>Screenshot</a>



REPORTER for pass in listner1
]]>
  </system-out>
  <testcase classname="JavaMavenTestNG.JavaMavenTestNG.NewTest" name="test3" time="0.003"/>
  <system-out>
    <![CDATA[

<a href='C:\Users\pvenkatarajan\GIT2\PVautomation02\JavaMavenTestNG/screenshots/test3.png' target='_blank'>Screenshot</a>



REPORTER for pass in listner1
]]>
  </system-out>
</testsuite> <!-- JavaMavenTestNG.JavaMavenTestNG.NewTest -->
