<?xml version="1.0" encoding="UTF-8"?>
<!-- Generated by org.testng.reporters.JUnitReportReporter -->
<testsuite hostname="HL6T2B3" failures="0" tests="1" name="JavaMavenTestNG.JavaMavenTestNG.OfferTestClass" time="198.154" errors="0" timestamp="2025-01-14T17:14:25 CST" skipped="0">
  <testcase classname="JavaMavenTestNG.JavaMavenTestNG.OfferTestClass" name="offerTest" time="198.154"/>
  <system-out>
    <![CDATA[OFFER TEST GOT COMPLETED
else - REPORTER - ASSERT FALSE CHECK-->false<br>
<a href='C:\Users\pvenkatarajan\GIT2\PVautomation02\JavaMavenTestNG/screenshots/screenshot_offerTest [23224.0]_SUCCESS.png' target='_blank'>Screenshot</a>
Screenshot saved for successful test: offerTest [23224.0] -> C:\Users\pvenkatarajan\GIT2\PVautomation02\JavaMavenTestNG/screenshots/screenshot_offerTest [23224.0]_SUCCESS.png]]>
  </system-out>
</testsuite> <!-- JavaMavenTestNG.JavaMavenTestNG.OfferTestClass -->
