<?xml version="1.0" encoding="UTF-8"?>
<!-- Generated by org.testng.reporters.JUnitReportReporter -->
<testsuite hostname="HL6T2B3" failures="0" tests="3" name="JavaMavenTestNG.JavaMavenTestNG.NewTest" time="0.008" errors="0" timestamp="2024-11-10T21:46:56 CST" skipped="0">
  <testcase classname="JavaMavenTestNG.JavaMavenTestNG.NewTest" name="test2" time="0.003"/>
  <system-out/>
  <testcase classname="JavaMavenTestNG.JavaMavenTestNG.NewTest" name="test3" time="0.000"/>
  <system-out/>
  <testcase classname="JavaMavenTestNG.JavaMavenTestNG.NewTest" name="test1" time="0.005"/>
  <system-out/>
</testsuite> <!-- JavaMavenTestNG.JavaMavenTestNG.NewTest -->
