<?xml version="1.0" encoding="UTF-8"?>
<!-- Generated by org.testng.reporters.JUnitReportReporter -->
<testsuite hostname="HL6T2B3" failures="0" tests="1" name="JavaMavenTestNG.JavaMavenTestNG.Test1" time="55.819" errors="0" timestamp="2024-12-06T00:04:19 CST" skipped="0">
  <testcase classname="JavaMavenTestNG.JavaMavenTestNG.Test1" name="crmTest1" time="55.819"/>
</testsuite> <!-- JavaMavenTestNG.JavaMavenTestNG.Test1 -->
