<?xml version="1.0" encoding="UTF-8"?>
<!-- Generated by org.testng.reporters.JUnitReportReporter -->
<testsuite hostname="HL6T2B3" failures="0" tests="1" name="JavaMavenTestNG.JavaMavenTestNG.OfferTestClass" time="205.826" errors="0" timestamp="2025-03-13T11:11:19 CDT" skipped="0">
  <testcase classname="JavaMavenTestNG.JavaMavenTestNG.OfferTestClass" name="offerTest" time="205.826"/>
  <system-out>
    <![CDATA[OFFER TEST GOT COMPLETED
else - REPORTER - ASSERT FALSE CHECK-->false<br>]]>
  </system-out>
</testsuite> <!-- JavaMavenTestNG.JavaMavenTestNG.OfferTestClass -->
