<?xml version="1.0" encoding="UTF-8"?>
<!-- Generated by org.testng.reporters.JUnitReportReporter -->
<testsuite hostname="HL6T2B3" failures="0" tests="1" name="JavaMavenTestNG.JavaMavenTestNG.Test1" time="94.468" errors="0" timestamp="2024-12-13T19:18:05 CST" skipped="0">
  <testcase classname="JavaMavenTestNG.JavaMavenTestNG.Test1" name="crmTest1" time="94.468"/>
  <system-out>
    <![CDATA[REPORTER in main SAYS - AFTER ASSERT - TEXT NOT PRESENT
verification code


<a href='C:\Users\pvenkatarajan\GIT2\PVautomation02\JavaMavenTestNG/screenshots/crmTest1.png' target='_blank'>Screenshot</a>



REPORTER for pass in listner1
]]>
  </system-out>
</testsuite> <!-- JavaMavenTestNG.JavaMavenTestNG.Test1 -->
