<?xml version="1.0" encoding="UTF-8"?>
<!-- Generated by org.testng.reporters.JUnitReportReporter -->
<testsuite hostname="HL6T2B3" failures="0" tests="8" name="JavaMavenTestNG.JavaMavenTestNG.Test1" time="1060.480" errors="0" timestamp="2024-12-05T06:40:55 CST" skipped="0">
  <testcase classname="JavaMavenTestNG.JavaMavenTestNG.Test1" name="crmTest2" time="64.617"/>
  <system-out/>
  <testcase classname="JavaMavenTestNG.JavaMavenTestNG.Test1" name="crmTest02" time="102.414"/>
  <system-out/>
  <testcase classname="JavaMavenTestNG.JavaMavenTestNG.Test1" name="crmTest1" time="45.191"/>
  <system-out/>
  <testcase classname="JavaMavenTestNG.JavaMavenTestNG.Test1" name="crmTest4" time="79.138"/>
  <system-out/>
  <testcase classname="JavaMavenTestNG.JavaMavenTestNG.Test1" name="crmTest7" time="410.798"/>
  <system-out/>
  <testcase classname="JavaMavenTestNG.JavaMavenTestNG.Test1" name="crmTest6" time="127.738"/>
  <system-out/>
  <testcase classname="JavaMavenTestNG.JavaMavenTestNG.Test1" name="crmTest5" time="138.741"/>
  <system-out/>
  <testcase classname="JavaMavenTestNG.JavaMavenTestNG.Test1" name="crmTest3" time="91.843"/>
  <system-out/>
</testsuite> <!-- JavaMavenTestNG.JavaMavenTestNG.Test1 -->
