<?xml version="1.0" encoding="UTF-8"?>
<!-- Generated by org.testng.reporters.JUnitReportReporter -->
<testsuite hostname="HL6T2B3" failures="0" tests="1" name="JavaMavenTestNG.JavaMavenTestNG.AppTest" time="0.002" errors="0" timestamp="2024-11-14T19:26:18 CST" skipped="0">
  <testcase classname="JavaMavenTestNG.JavaMavenTestNG.AppTest" name="shouldAnswerWithTrue" time="0.002"/>
  <system-out/>
</testsuite> <!-- JavaMavenTestNG.JavaMavenTestNG.AppTest -->
