<?xml version="1.0" encoding="UTF-8"?>
<!-- Generated by org.testng.reporters.JUnitReportReporter -->
<testsuite hostname="HL6T2B3" failures="0" tests="2" name="JavaMavenTestNG.JavaMavenTestNG.Test1" time="134.176" errors="0" timestamp="2024-12-13T17:58:24 CST" skipped="0">
  <testcase classname="JavaMavenTestNG.JavaMavenTestNG.Test1" name="crmTest2" time="50.908"/>
  <system-out>
    <![CDATA[<a href='C:\Users\pvenkatarajan\GIT2\PVautomation02\JavaMavenTestNG/screenshots/crmTest2.png' target='_blank'>Screenshot</a>

REPORTER for pass in listner1
]]>
  </system-out>
  <testcase classname="JavaMavenTestNG.JavaMavenTestNG.Test1" name="crmTest1" time="83.268"/>
  <system-out>
    <![CDATA[REPORTER in main SAYS - AFTER ASSERT - VERIFICATION CODE NOT PRESENT

<a href='C:\Users\pvenkatarajan\GIT2\PVautomation02\JavaMavenTestNG/screenshots/crmTest1.png' target='_blank'>Screenshot</a>

REPORTER for pass in listner1
]]>
  </system-out>
</testsuite> <!-- JavaMavenTestNG.JavaMavenTestNG.Test1 -->
